<?xml version="1.0" encoding="UTF-8"?>
<!-- Generated by org.testng.reporters.JUnitXMLReporter -->
<testsuite ignored="0" hostname="DESKTOP-026TUAE" failures="0" tests="3" name="Test" time="0.169" errors="0" timestamp="2021-03-09T22:42:06 IST">
  <testcase classname="tests.HomePageTest" name="@BeforeTest Driver" time="0.058">
    <failure type="java.lang.IllegalStateException" message="The driver executable does not exist: C:\Users\think\git\MavenE2E\Mavensrc\main\java\tools\chromedriver.exe">
      <![CDATA[java.lang.IllegalStateException: The driver executable does not exist: C:\Users\think\git\MavenE2E\Mavensrc\main\java\tools\chromedriver.exe
at com.google.common.base.Preconditions.checkState(Preconditions.java:585)
at org.openqa.selenium.remote.service.DriverService.checkExecutable(DriverService.java:146)
at org.openqa.selenium.remote.service.DriverService.findExecutable(DriverService.java:141)
at org.openqa.selenium.chrome.ChromeDriverService.access$000(ChromeDriverService.java:35)
at org.openqa.selenium.chrome.ChromeDriverService$Builder.findDefaultExecutable(ChromeDriverService.java:159)
at org.openqa.selenium.remote.service.DriverService$Builder.build(DriverService.java:355)
at org.openqa.selenium.chrome.ChromeDriverService.createDefaultService(ChromeDriverService.java:94)
at org.openqa.selenium.chrome.ChromeDriver.<init>(ChromeDriver.java:123)
at utilities.BaseClass.inilizeDriver(BaseClass.java:31)
at tests.HomePageTest.Driver(HomePageTest.java:18)
... Removed 24 stack frames]]>
    </failure>
  </testcase> <!-- @BeforeTest Driver -->
  <testcase classname="tests.LoginPageTest" name="@BeforeTest Driver" time="-1.615309926577E9">
    <skipped/>
  </testcase> <!-- @BeforeTest Driver -->
  <testcase classname="tests.LoginPageTest" name="@AfterTest closeBrowsesr" time="-1.615309926655E9">
    <skipped/>
  </testcase> <!-- @AfterTest closeBrowsesr -->
  <testcase classname="tests.HomePageTest" name="testTitle" time="0.0">
    <skipped/>
  </testcase> <!-- testTitle -->
  <testcase classname="tests.HomePageTest" name="testLogin" time="0.0">
    <skipped/>
  </testcase> <!-- testLogin -->
  <testcase classname="tests.LoginPageTest" name="checkLogin" time="0.0">
    <skipped/>
  </testcase> <!-- checkLogin -->
</testsuite> <!-- Test -->
